0 info it worked if it ends with ok
1 verbose cli [ 'node', '/usr/local/bin/npm', 'publish', '.', '--force' ]
2 info using npm@1.5.0-alpha-1
3 info using node@v0.10.29
4 verbose node symlink /usr/local/bin/node
5 warn using --force I sure hope you know what you are doing.
6 verbose publish [ '.' ]
7 verbose cache add [ '.', null ]
8 verbose cache add spec="." args=[".",null]
9 verbose cache add local package /Users/m0s/Work/hubot-jenkins
10 silly lockFile 3a52ce78- .
11 verbose lock . /Users/m0s/.npm/3a52ce78-.lock
12 verbose tar pack [ '/Users/m0s/.npm/hubot-jenkins/1.0.0/package.tgz', '.' ]
13 verbose tarball /Users/m0s/.npm/hubot-jenkins/1.0.0/package.tgz
14 verbose folder .
15 info prepublish hubot-jenkins@1.0.0
16 silly lockFile 1f1177db-tar tar://.
17 verbose lock tar://. /Users/m0s/.npm/1f1177db-tar.lock
18 silly lockFile 052d6f07--hubot-jenkins-1-0-0-package-tgz tar:///Users/m0s/.npm/hubot-jenkins/1.0.0/package.tgz
19 verbose lock tar:///Users/m0s/.npm/hubot-jenkins/1.0.0/package.tgz /Users/m0s/.npm/052d6f07--hubot-jenkins-1-0-0-package-tgz.lock
20 silly lockFile 1f1177db-tar tar://.
21 silly lockFile 1f1177db-tar tar://.
22 silly lockFile 052d6f07--hubot-jenkins-1-0-0-package-tgz tar:///Users/m0s/.npm/hubot-jenkins/1.0.0/package.tgz
23 silly lockFile 052d6f07--hubot-jenkins-1-0-0-package-tgz tar:///Users/m0s/.npm/hubot-jenkins/1.0.0/package.tgz
24 silly lockFile f92e4ca7--npm-hubot-jenkins-1-0-0-package /Users/m0s/.npm/hubot-jenkins/1.0.0/package
25 verbose lock /Users/m0s/.npm/hubot-jenkins/1.0.0/package /Users/m0s/.npm/f92e4ca7--npm-hubot-jenkins-1-0-0-package.lock
26 silly lockFile f92e4ca7--npm-hubot-jenkins-1-0-0-package /Users/m0s/.npm/hubot-jenkins/1.0.0/package
27 silly lockFile f92e4ca7--npm-hubot-jenkins-1-0-0-package /Users/m0s/.npm/hubot-jenkins/1.0.0/package
28 silly lockFile 3a52ce78- .
29 silly lockFile 3a52ce78- .
30 silly publish { name: 'hubot-jenkins',
30 silly publish   description: 'Jenkins Integration for Hubot',
30 silly publish   version: '1.0.0',
30 silly publish   author: { name: 'Doug Cole' },
30 silly publish   license: 'MIT',
30 silly publish   keywords: [ 'hubot', 'hubot-scripts' ],
30 silly publish   repository:
30 silly publish    { type: 'git',
30 silly publish      url: 'git://github.com/hubot-scripts/hubot-jenkins.git' },
30 silly publish   bugs: { url: 'https://github.com/hubot-scripts/hubot-jenkins/issues' },
30 silly publish   dependencies: { 'coffee-script': '~1.6' },
30 silly publish   devDependencies: { mocha: '*', chai: '*', 'sinon-chai': '*', sinon: '*' },
30 silly publish   main: 'index.coffee',
30 silly publish   scripts: { test: 'script/test' },
30 silly publish   readme: '# Hubot Example\n\nAn example script package for Hubot\n\n[![Build Status](https://travis-ci.org/hubot-scripts/hubot-example.png)](https://travis-ci.org/hubot-scripts/hubot-example)\n\n## Directory Structure\n\nUsing the common directory structure for hubot script packages it will be easy\nto manage and allow others to easily contribute to your package.\n\n### script\n\nThis directory is home to a couple of development scripts; `bootstrap` and `test`\nthey\'re used to bootstrap the development environment and run tests\nrespectively.\n\n### src\n\nThis directory is home to the actual hubot scripts in the package. Your\n`index.coffee` entry point will load the scripts from this directory.\n\n### test\n\nThis directory is home to any tests you write for your scripts. This example\npackage uses Mocha, Chai and Sinon to manage writing tests.\n\n## Advantages of Building a Package\n\nSome of the advantages of building an npm package for your hubot script(s) are:\n\n* You don\'t need to rely on when hubot-scripts package is released.\n* You can specify dependencies in the `package.json` rather than have users\n  manually specify them\n* You can easily add tests using your favourite frameworks and libraries\n',
30 silly publish   readmeFilename: 'README.md',
30 silly publish   gitHead: '8d54ecadf76057b1b000a620ab556d4d18683411',
30 silly publish   homepage: 'https://github.com/hubot-scripts/hubot-jenkins',
30 silly publish   _id: 'hubot-jenkins@1.0.0',
30 silly publish   _shasum: '6f2ec77a50ba5e698a943a1e623e2e35d9439d63',
30 silly publish   _from: '.' }
31 verbose mapToRegistry name hubot-jenkins
32 verbose mapToRegistry uri https://registry.npmjs.org/hubot-jenkins
33 verbose publish registryBase https://registry.npmjs.org/
34 verbose request where is /hubot-jenkins
35 verbose request registry https://registry.npmjs.org/
36 verbose request id 1e8b77888f3b454a
37 verbose request url raw /hubot-jenkins
38 verbose request url resolving [ 'https://registry.npmjs.org/', './hubot-jenkins' ]
39 verbose request url resolved https://registry.npmjs.org/hubot-jenkins
40 verbose request where is https://registry.npmjs.org/hubot-jenkins
41 verbose request setting basic auth
42 info trying registry request attempt 1 at 18:38:44
43 http PUT https://registry.npmjs.org/hubot-jenkins
44 http 403 https://registry.npmjs.org/hubot-jenkins
45 verbose headers { date: 'Wed, 30 Jul 2014 15:38:45 GMT',
45 verbose headers   server: 'CouchDB/1.5.0 (Erlang OTP/R14B04)',
45 verbose headers   'content-type': 'application/json',
45 verbose headers   'cache-control': 'max-age=60',
45 verbose headers   'content-length': '3784',
45 verbose headers   'accept-ranges': 'bytes',
45 verbose headers   via: '1.1 varnish',
45 verbose headers   'x-served-by': 'cache-fra1224-FRA',
45 verbose headers   'x-cache': 'MISS',
45 verbose headers   'x-cache-hits': '0',
45 verbose headers   'x-timer': 'S1406734725.303020,VS0,VE667',
45 verbose headers   'keep-alive': 'timeout=10, max=50',
45 verbose headers   connection: 'Keep-Alive' }
46 error publish Failed PUT 403
47 error Error: forbidden cannot modify pre-existing version: 1.0.0
47 error old={"name":"hubot-jenkins","description":"An example script package for Hubot","version":"1.0.0","author":{"name":"Doug Cole"},"license":"MIT","keywords":["hubot","hubot-scripts"],"repository":{"type":"git","url":"git://github.com/hubot-scripts/hubot-jenkins.git"},"bugs":{"url":"https://github.com/hubot-scripts/hubot-jenkins/issues"},"dependencies":{"coffee-script":"~1.6"},"devDependencies":{"mocha":"*","chai":"*","sinon-chai":"*","sinon":"*"},"main":"index.coffee","scripts":{"test":"script/test"},"gitHead":"60e6ad52fa49c688c50be9a79909bb53ead06011","homepage":"https://github.com/hubot-scripts/hubot-jenkins","_id":"hubot-jenkins@1.0.0","_shasum":"5adac40470c76cacc5f650aca69745000cbbb153","_from":".","_npmVersion":"1.5.0-alpha-1","_npmUser":{"name":"balbeko","email":"sergey@balbeko.com"},"maintainers":[{"name":"balbeko","email":"sergey@balbeko.com"}],"dist":{"shasum":"5adac40470c76cacc5f650aca69745000cbbb153","tarball":"http://registry.npmjs.org/hubot-jenkins/-/hubot-jenkins-1.0.0.tgz"}}
47 error new={"name":"hubot-jenkins","description":"Jenkins Integration for Hubot","version":"1.0.0","author":{"name":"Doug Cole"},"license":"MIT","keywords":["hubot","hubot-scripts"],"repository":{"type":"git","url":"git://github.com/hubot-scripts/hubot-jenkins.git"},"bugs":{"url":"https://github.com/hubot-scripts/hubot-jenkins/issues"},"dependencies":{"coffee-script":"~1.6"},"devDependencies":{"mocha":"*","chai":"*","sinon-chai":"*","sinon":"*"},"main":"index.coffee","scripts":{"test":"script/test"},"readme":"# Hubot Example\u000a\u000aAn example script package for Hubot\u000a\u000a[![Build Status](https://travis-ci.org/hubot-scripts/hubot-example.png)](https://travis-ci.org/hubot-scripts/hubot-example)\u000a\u000a## Directory Structure\u000a\u000aUsing the common directory structure for hubot script packages it will be easy\u000ato manage and allow others to easily contribute to your package.\u000a\u000a### script\u000a\u000aThis directory is home to a couple of development scripts; `bootstrap` and `test`\u000athey're used to bootstrap the development environment and run tests\u000arespectively.\u000a\u000a### src\u000a\u000aThis directory is home to the actual hubot scripts in the package. Your\u000a`index.coffee` entry point will load the scripts from this directory.\u000a\u000a### test\u000a\u000aThis directory is home to any tests you write for your scripts. This example\u000apackage uses Mocha, Chai and Sinon to manage writing tests.\u000a\u000a## Advantages of Building a Package\u000a\u000aSome of the advantages of building an npm package for your hubot script(s) are:\u000a\u000a* You don't need to rely on when hubot-scripts package is released.\u000a* You can specify dependencies in the `package.json` rather than have users\u000a  manually specify them\u000a* You can easily add tests using your favourite frameworks and libraries\u000a","readmeFilename":"README.md","gitHead":"8d54ecadf76057b1b000a620ab556d4d18683411","homepage":"https://github.com/hubot-scripts/hubot-jenkins","_id":"hubot-jenkins@1.0.0","_shasum":"6f2ec77a50ba5e698a943a1e623e2e35d9439d63","_from":".","_npmVersion":"1.5.0-alpha-1","_npmUser":{"name":"balbeko","email":"sergey@balbeko.com"},"maintainers":[{"name":"balbeko","email":"sergey@balbeko.com"}],"dist":{"shasum":"6f2ec77a50ba5e698a943a1e623e2e35d9439d63","tarball":"http://registry.npmjs.org/hubot-jenkins/-/hubot-jenkins-1.0.0.tgz"}}: hubot-jenkins
47 error     at RegClient.<anonymous> (/usr/local/lib/node_modules/npm/node_modules/npm-registry-client/lib/request.js:313:14)
47 error     at Request._callback (/usr/local/lib/node_modules/npm/node_modules/npm-registry-client/lib/request.js:251:65)
47 error     at Request.self.callback (/usr/local/lib/node_modules/npm/node_modules/request/request.js:123:22)
47 error     at Request.emit (events.js:98:17)
47 error     at Request.<anonymous> (/usr/local/lib/node_modules/npm/node_modules/request/request.js:893:14)
47 error     at Request.emit (events.js:117:20)
47 error     at IncomingMessage.<anonymous> (/usr/local/lib/node_modules/npm/node_modules/request/request.js:844:12)
47 error     at IncomingMessage.emit (events.js:117:20)
47 error     at _stream_readable.js:929:16
47 error     at process._tickCallback (node.js:419:13)
48 error If you need help, you may report this *entire* log,
48 error including the npm and node versions, at:
48 error     <http://github.com/npm/npm/issues>
49 error System Darwin 14.0.0
50 error command "node" "/usr/local/bin/npm" "publish" "." "--force"
51 error cwd /Users/m0s/Work/hubot-jenkins
52 error node -v v0.10.29
53 error npm -v 1.5.0-alpha-1
54 verbose exit [ 1, true ]
